  [4;36;1mSQL (0.3ms)[0m   [0;1m SELECT name
 FROM sqlite_master
 WHERE type = 'table' AND NOT name = 'sqlite_sequence'
[0m
  [4;35;1mSQL (0.1ms)[0m   [0mselect sqlite_version(*)[0m
  [4;36;1mSQL (105.2ms)[0m   [0;1mCREATE TABLE "schema_migrations" ("version" varchar(255) NOT NULL) [0m
  [4;35;1mSQL (0.1ms)[0m   [0mPRAGMA index_list("schema_migrations")[0m
  [4;36;1mSQL (64.7ms)[0m   [0;1mCREATE UNIQUE INDEX "unique_schema_migrations" ON "schema_migrations" ("version")[0m
  [4;35;1mSQL (0.1ms)[0m   [0m SELECT name
 FROM sqlite_master
 WHERE type = 'table' AND NOT name = 'sqlite_sequence'
[0m
  [4;36;1mSQL (0.1ms)[0m   [0;1mSELECT version FROM schema_migrations[0m
Migrating to CreateRecipes (20111208142808)
  [4;35;1mSQL (0.3ms)[0m   [0mCREATE TABLE "recipes" ("id" INTEGER PRIMARY KEY AUTOINCREMENT NOT NULL, "title" varchar(255), "method" text, "created_at" datetime, "updated_at" datetime) [0m
  [4;36;1mSQL (0.1ms)[0m   [0;1mINSERT INTO schema_migrations (version) VALUES ('20111208142808')[0m
  [4;35;1mSQL (0.1ms)[0m   [0m SELECT name
 FROM sqlite_master
 WHERE type = 'table' AND NOT name = 'sqlite_sequence'
[0m
  [4;36;1mSQL (0.1ms)[0m   [0;1mSELECT version FROM schema_migrations[0m
  [4;35;1mSQL (0.1ms)[0m   [0m SELECT name
 FROM sqlite_master
 WHERE type = 'table' AND NOT name = 'sqlite_sequence'
[0m
  [4;36;1mSQL (0.0ms)[0m   [0;1mPRAGMA index_list("recipes")[0m
  [4;36;1mSQL (0.5ms)[0m   [0;1m SELECT name
 FROM sqlite_master
 WHERE type = 'table' AND NOT name = 'sqlite_sequence'
[0m
  [4;35;1mRecipe Load (0.2ms)[0m   [0mSELECT * FROM "recipes" [0m
  [4;36;1mRecipe Create (0.4ms)[0m   [0;1mINSERT INTO "recipes" ("created_at", "title", "method", "updated_at") VALUES('2011-12-08 14:37:21', NULL, NULL, '2011-12-08 14:37:21')[0m
  [4;35;1mRecipe Create (0.2ms)[0m   [0mINSERT INTO "recipes" ("created_at", "title", "method", "updated_at") VALUES('2011-12-08 14:42:05', 'Chunky Bacon Butty', 'Toast Bread, Grill BAcon, butter toast, add hp sauce', '2011-12-08 14:42:05')[0m
  [4;36;1mRecipe Create (0.2ms)[0m   [0;1mINSERT INTO "recipes" ("created_at", "title", "method", "updated_at") VALUES('2011-12-08 14:43:39', 'Sausage Butty', 'Toast Bread, Grill SAuasage', '2011-12-08 14:43:39')[0m


Processing ApplicationController#index (for 127.0.0.1 at 2011-12-08 14:52:22) [GET]

ActionController::RoutingError (No route matches "/recipes/show/1" with {:method=>:get}):
  /usr/lib/ruby/1.8/webrick/httpserver.rb:104:in `service'
  /usr/lib/ruby/1.8/webrick/httpserver.rb:65:in `run'
  /usr/lib/ruby/1.8/webrick/server.rb:173:in `start_thread'
  /usr/lib/ruby/1.8/webrick/server.rb:162:in `start'
  /usr/lib/ruby/1.8/webrick/server.rb:162:in `start_thread'
  /usr/lib/ruby/1.8/webrick/server.rb:95:in `start'
  /usr/lib/ruby/1.8/webrick/server.rb:92:in `each'
  /usr/lib/ruby/1.8/webrick/server.rb:92:in `start'
  /usr/lib/ruby/1.8/webrick/server.rb:23:in `start'
  /usr/lib/ruby/1.8/webrick/server.rb:82:in `start'

Rendering rescues/layout (not_found)


Processing RecipesController#show (for 127.0.0.1 at 2011-12-08 14:52:50) [GET]
  Parameters: {"id"=>"1"}
Rendering recipes/show
Completed in 39ms (View: 37, DB: 0) | 200 OK [http://localhost/recipes/show/1]


Processing RecipesController#index (for 127.0.0.1 at 2011-12-08 14:57:45) [GET]
Rendering recipes/index
Completed in 8ms (View: 7, DB: 0) | 200 OK [http://localhost/]


Processing RecipesController#edit (for 127.0.0.1 at 2011-12-08 15:01:28) [GET]
  Parameters: {"id"=>"1"}
Rendering recipes/edit
Completed in 6ms (View: 5, DB: 0) | 200 OK [http://localhost/recipes/edit/1]


Processing RecipesController#show (for 127.0.0.1 at 2011-12-08 15:03:59) [GET]
  Parameters: {"id"=>"1"}
Rendering recipes/show
Completed in 6ms (View: 4, DB: 0) | 200 OK [http://localhost/recipes/show/1]


Processing RecipesController#show (for 127.0.0.1 at 2011-12-08 15:05:14) [GET]
  Parameters: {"id"=>"1"}
Rendering recipes/show

ActionView::TemplateError (undefined method `title' for nil:NilClass) on line #1 of app/views/recipes/show.html.erb:
1: <h1><%=h @recipe.title %></h1>
2: <p>Find me in app/views/recipes/show.html.erb</p>
3: <p><%=h @recipe.method %></p>

    app/views/recipes/show.html.erb:1
    /usr/lib/ruby/1.8/webrick/httpserver.rb:104:in `service'
    /usr/lib/ruby/1.8/webrick/httpserver.rb:65:in `run'
    /usr/lib/ruby/1.8/webrick/server.rb:173:in `start_thread'
    /usr/lib/ruby/1.8/webrick/server.rb:162:in `start'
    /usr/lib/ruby/1.8/webrick/server.rb:162:in `start_thread'
    /usr/lib/ruby/1.8/webrick/server.rb:95:in `start'
    /usr/lib/ruby/1.8/webrick/server.rb:92:in `each'
    /usr/lib/ruby/1.8/webrick/server.rb:92:in `start'
    /usr/lib/ruby/1.8/webrick/server.rb:23:in `start'
    /usr/lib/ruby/1.8/webrick/server.rb:82:in `start'

Rendered rescues/_trace (41.4ms)
Rendered rescues/_request_and_response (1.5ms)
Rendering rescues/layout (internal_server_error)


Processing RecipesController#show (for 127.0.0.1 at 2011-12-08 15:10:44) [GET]
  Parameters: {"id"=>"1"}
  [4;36;1mRecipe Load (0.2ms)[0m   [0;1mSELECT * FROM "recipes" WHERE ("recipes"."id" = 1) [0m
Rendering recipes/show
Completed in 7ms (View: 2, DB: 0) | 200 OK [http://localhost/recipes/show/1]


Processing RecipesController#show (for 127.0.0.1 at 2011-12-08 15:10:50) [GET]
  Parameters: {"id"=>"1"}
  [4;35;1mRecipe Load (0.2ms)[0m   [0mSELECT * FROM "recipes" WHERE ("recipes"."id" = 1) [0m
Rendering recipes/show
Completed in 6ms (View: 1, DB: 0) | 200 OK [http://localhost/recipes/show/1]


Processing RecipesController#show (for 127.0.0.1 at 2011-12-08 15:10:52) [GET]
  Parameters: {"id"=>"1"}
  [4;36;1mRecipe Load (0.2ms)[0m   [0;1mSELECT * FROM "recipes" WHERE ("recipes"."id" = 1) [0m
Rendering recipes/show
Completed in 6ms (View: 1, DB: 0) | 200 OK [http://localhost/recipes/show/1]


Processing RecipesController#show (for 127.0.0.1 at 2011-12-08 15:14:20) [GET]
  Parameters: {"id"=>"1"}
  [4;36;1mRecipe Load (0.2ms)[0m   [0;1mSELECT * FROM "recipes" WHERE ("recipes"."id" = 1) [0m
Rendering recipes/show
Completed in 13ms (View: 8, DB: 0) | 200 OK [http://localhost/recipes/show/1]


Processing RecipesController#index (for 127.0.0.1 at 2011-12-08 15:14:28) [GET]
Rendering recipes/index
Completed in 6ms (View: 5, DB: 0) | 200 OK [http://localhost/]


Processing RecipesController#show (for 127.0.0.1 at 2011-12-08 15:14:35) [GET]
  Parameters: {"id"=>"2"}
  [4;35;1mRecipe Load (0.2ms)[0m   [0mSELECT * FROM "recipes" WHERE ("recipes"."id" = 2) [0m
Rendering recipes/show
Completed in 7ms (View: 1, DB: 0) | 200 OK [http://localhost/recipes/show/2]


Processing RecipesController#show (for 127.0.0.1 at 2011-12-08 15:14:39) [GET]
  Parameters: {"id"=>"1"}
  [4;36;1mRecipe Load (0.1ms)[0m   [0;1mSELECT * FROM "recipes" WHERE ("recipes"."id" = 1) [0m
Rendering recipes/show
Completed in 6ms (View: 1, DB: 0) | 200 OK [http://localhost/recipes/show/1]


Processing RecipesController#show (for 127.0.0.1 at 2011-12-08 15:14:42) [GET]
  Parameters: {"id"=>"2"}
  [4;35;1mRecipe Load (0.1ms)[0m   [0mSELECT * FROM "recipes" WHERE ("recipes"."id" = 2) [0m
Rendering recipes/show
Completed in 5ms (View: 1, DB: 0) | 200 OK [http://localhost/recipes/show/2]
  [4;36;1mRecipe Load (0.5ms)[0m   [0;1mSELECT * FROM "recipes" [0m
  [4;35;1mRecipe Load (0.2ms)[0m   [0mSELECT * FROM "recipes" [0m
  [4;36;1mRecipe Load (0.2ms)[0m   [0;1mSELECT * FROM "recipes" LIMIT 1[0m
  [4;35;1mRecipe Load (0.2ms)[0m   [0mSELECT * FROM "recipes" LIMIT 1[0m
  [4;36;1mRecipe Load (0.2ms)[0m   [0;1mSELECT * FROM "recipes" LIMIT 1[0m
  [4;35;1mRecipe Delete all (151.7ms)[0m   [0mDELETE FROM "recipes" WHERE ("id" IN (1)) [0m
  [4;36;1mRecipe Load (0.2ms)[0m   [0;1mSELECT * FROM "recipes" [0m


Processing RecipesController#show (for 127.0.0.1 at 2011-12-08 15:17:04) [GET]
  Parameters: {"id"=>"3"}
  [4;36;1mRecipe Load (0.2ms)[0m   [0;1mSELECT * FROM "recipes" WHERE ("recipes"."id" = 3) [0m
Rendering recipes/show
Completed in 13ms (View: 8, DB: 0) | 200 OK [http://localhost/recipes/show/3]


Processing RecipesController#show (for 127.0.0.1 at 2011-12-08 15:17:13) [GET]
  Parameters: {"id"=>"2"}
  [4;35;1mRecipe Load (0.2ms)[0m   [0mSELECT * FROM "recipes" WHERE ("recipes"."id" = 2) [0m
Rendering recipes/show
Completed in 7ms (View: 2, DB: 0) | 200 OK [http://localhost/recipes/show/2]


Processing RecipesController#show (for 127.0.0.1 at 2011-12-08 15:17:20) [GET]
  Parameters: {"id"=>"1"}
  [4;36;1mRecipe Load (0.1ms)[0m   [0;1mSELECT * FROM "recipes" WHERE ("recipes"."id" = 1) [0m

ActiveRecord::RecordNotFound (Couldn't find Recipe with ID=1):
  app/controllers/recipes_controller.rb:6:in `show'
  /usr/lib/ruby/1.8/webrick/httpserver.rb:104:in `service'
  /usr/lib/ruby/1.8/webrick/httpserver.rb:65:in `run'
  /usr/lib/ruby/1.8/webrick/server.rb:173:in `start_thread'
  /usr/lib/ruby/1.8/webrick/server.rb:162:in `start'
  /usr/lib/ruby/1.8/webrick/server.rb:162:in `start_thread'
  /usr/lib/ruby/1.8/webrick/server.rb:95:in `start'
  /usr/lib/ruby/1.8/webrick/server.rb:92:in `each'
  /usr/lib/ruby/1.8/webrick/server.rb:92:in `start'
  /usr/lib/ruby/1.8/webrick/server.rb:23:in `start'
  /usr/lib/ruby/1.8/webrick/server.rb:82:in `start'

Rendered rescues/_trace (35.5ms)
Rendered rescues/_request_and_response (1.4ms)
Rendering rescues/layout (not_found)


Processing RecipesController#show (for 127.0.0.1 at 2011-12-08 15:17:23) [GET]
  Parameters: {"id"=>"2"}
  [4;35;1mRecipe Load (0.1ms)[0m   [0mSELECT * FROM "recipes" WHERE ("recipes"."id" = 2) [0m
Rendering recipes/show
Completed in 5ms (View: 1, DB: 0) | 200 OK [http://localhost/recipes/show/2]


Processing RecipesController#index (for 127.0.0.1 at 2011-12-08 15:25:29) [GET]
  [4;36;1mRecipe Load (0.4ms)[0m   [0;1mSELECT * FROM "recipes" [0m
Rendering recipes/index
Completed in 10ms (View: 6, DB: 0) | 200 OK [http://localhost/recipes/index/]


Processing RecipesController#index (for 127.0.0.1 at 2011-12-08 15:26:56) [GET]
  [4;35;1mRecipe Load (0.3ms)[0m   [0mSELECT * FROM "recipes" [0m
Rendering recipes/index
Completed in 10ms (View: 6, DB: 0) | 200 OK [http://localhost/recipes/index/]


Processing RecipesController#index (for 127.0.0.1 at 2011-12-08 15:26:57) [GET]
  [4;36;1mRecipe Load (0.4ms)[0m   [0;1mSELECT * FROM "recipes" [0m
Rendering recipes/index
Completed in 6ms (View: 2, DB: 0) | 200 OK [http://localhost/recipes/index/]


Processing RecipesController#index (for 127.0.0.1 at 2011-12-08 15:27:16) [GET]
  [4;35;1mRecipe Load (0.4ms)[0m   [0mSELECT * FROM "recipes" [0m
Rendering recipes/index
Completed in 9ms (View: 5, DB: 0) | 200 OK [http://localhost/recipes/index/]


Processing RecipesController#index (for 127.0.0.1 at 2011-12-08 15:27:17) [GET]
  [4;36;1mRecipe Load (0.3ms)[0m   [0;1mSELECT * FROM "recipes" [0m
Rendering recipes/index
Completed in 6ms (View: 2, DB: 0) | 200 OK [http://localhost/recipes/index/]


Processing RecipesController#index (for 127.0.0.1 at 2011-12-08 15:27:24) [GET]
  [4;35;1mRecipe Load (0.3ms)[0m   [0mSELECT * FROM "recipes" [0m
Rendering recipes/index
Completed in 9ms (View: 6, DB: 0) | 200 OK [http://localhost/recipes/index/]


Processing RecipesController#index (for 127.0.0.1 at 2011-12-08 15:27:24) [GET]
  [4;36;1mRecipe Load (0.3ms)[0m   [0;1mSELECT * FROM "recipes" [0m
Rendering recipes/index
Completed in 5ms (View: 2, DB: 0) | 200 OK [http://localhost/recipes/index/]


Processing RecipesController#index (for 127.0.0.1 at 2011-12-08 15:27:25) [GET]
  [4;35;1mRecipe Load (0.4ms)[0m   [0mSELECT * FROM "recipes" [0m
Rendering recipes/index
Completed in 6ms (View: 2, DB: 0) | 200 OK [http://localhost/recipes/index/]


Processing RecipesController#index (for 127.0.0.1 at 2011-12-08 15:27:59) [GET]
  [4;36;1mRecipe Load (0.3ms)[0m   [0;1mSELECT * FROM "recipes" [0m
Rendering recipes/index
Completed in 9ms (View: 6, DB: 0) | 200 OK [http://localhost/recipes/index/]


Processing RecipesController#index (for 127.0.0.1 at 2011-12-08 15:28:00) [GET]
  [4;35;1mRecipe Load (0.4ms)[0m   [0mSELECT * FROM "recipes" [0m
Rendering recipes/index
Completed in 5ms (View: 2, DB: 0) | 200 OK [http://localhost/recipes/index/]


Processing RecipesController#index (for 127.0.0.1 at 2011-12-08 15:28:33) [GET]
  [4;36;1mRecipe Load (0.4ms)[0m   [0;1mSELECT * FROM "recipes" [0m
Rendering recipes/index
Completed in 9ms (View: 5, DB: 0) | 200 OK [http://localhost/recipes/index/]


Processing RecipesController#index (for 127.0.0.1 at 2011-12-08 15:28:34) [GET]
  [4;35;1mRecipe Load (0.4ms)[0m   [0mSELECT * FROM "recipes" [0m
Rendering recipes/index
Completed in 46ms (View: 42, DB: 0) | 200 OK [http://localhost/recipes/index/]


Processing RecipesController#index (for 127.0.0.1 at 2011-12-08 15:28:34) [GET]
  [4;36;1mRecipe Load (0.3ms)[0m   [0;1mSELECT * FROM "recipes" [0m
Rendering recipes/index
Completed in 6ms (View: 2, DB: 0) | 200 OK [http://localhost/recipes/index/]


Processing RecipesController#index (for 127.0.0.1 at 2011-12-08 15:28:35) [GET]
  [4;35;1mRecipe Load (0.4ms)[0m   [0mSELECT * FROM "recipes" [0m
Rendering recipes/index
Completed in 6ms (View: 2, DB: 0) | 200 OK [http://localhost/recipes/index/]


Processing RecipesController#index (for 127.0.0.1 at 2011-12-08 15:28:35) [GET]
  [4;36;1mRecipe Load (0.3ms)[0m   [0;1mSELECT * FROM "recipes" [0m
Rendering recipes/index
Completed in 6ms (View: 1, DB: 0) | 200 OK [http://localhost/recipes/index/]


Processing RecipesController#index (for 127.0.0.1 at 2011-12-08 15:28:36) [GET]
  [4;35;1mRecipe Load (0.4ms)[0m   [0mSELECT * FROM "recipes" [0m
Rendering recipes/index
Completed in 6ms (View: 2, DB: 0) | 200 OK [http://localhost/recipes/index/]


Processing RecipesController#index (for 127.0.0.1 at 2011-12-08 15:28:36) [GET]
  [4;36;1mRecipe Load (0.3ms)[0m   [0;1mSELECT * FROM "recipes" [0m
Rendering recipes/index
Completed in 5ms (View: 2, DB: 0) | 200 OK [http://localhost/recipes/index/]


Processing RecipesController#index (for 127.0.0.1 at 2011-12-08 15:28:37) [GET]
  [4;35;1mRecipe Load (0.4ms)[0m   [0mSELECT * FROM "recipes" [0m
Rendering recipes/index
Completed in 6ms (View: 2, DB: 0) | 200 OK [http://localhost/recipes/index/]


Processing RecipesController#index (for 127.0.0.1 at 2011-12-08 15:28:38) [GET]
  [4;36;1mRecipe Load (0.3ms)[0m   [0;1mSELECT * FROM "recipes" [0m
Rendering recipes/index
Completed in 5ms (View: 2, DB: 0) | 200 OK [http://localhost/recipes/index/]


Processing RecipesController#index (for 127.0.0.1 at 2011-12-08 15:28:38) [GET]
  [4;35;1mRecipe Load (0.4ms)[0m   [0mSELECT * FROM "recipes" [0m
Rendering recipes/index
Completed in 6ms (View: 2, DB: 0) | 200 OK [http://localhost/recipes/index/]


Processing RecipesController#index (for 127.0.0.1 at 2011-12-08 15:28:54) [GET]
  [4;36;1mRecipe Load (0.4ms)[0m   [0;1mSELECT * FROM "recipes" [0m
Rendering recipes/index
Completed in 49ms (View: 45, DB: 0) | 200 OK [http://localhost/recipes/index/]


Processing RecipesController#index (for 127.0.0.1 at 2011-12-08 15:28:55) [GET]
  [4;35;1mRecipe Load (0.4ms)[0m   [0mSELECT * FROM "recipes" [0m
Rendering recipes/index
Completed in 6ms (View: 2, DB: 0) | 200 OK [http://localhost/recipes/index/]


Processing RecipesController#index (for 127.0.0.1 at 2011-12-08 15:29:14) [GET]
  [4;36;1mRecipe Load (0.4ms)[0m   [0;1mSELECT * FROM "recipes" [0m
Rendering recipes/index
Completed in 9ms (View: 6, DB: 0) | 200 OK [http://localhost/recipes/index/]


Processing RecipesController#index (for 127.0.0.1 at 2011-12-08 15:30:17) [GET]
  [4;35;1mRecipe Load (0.4ms)[0m   [0mSELECT * FROM "recipes" [0m
Rendering recipes/index
Completed in 6ms (View: 2, DB: 0) | 200 OK [http://localhost/recipes/]


Processing RecipesController#new (for 127.0.0.1 at 2011-12-08 15:35:36) [GET]
Rendering recipes/new
Completed in 8ms (View: 7, DB: 0) | 200 OK [http://localhost/recipes/new]


Processing RecipesController#new (for 127.0.0.1 at 2011-12-08 15:40:23) [GET]
Rendering recipes/new
ERROR: compiling _run_erb_app47views47recipes47new46html46erb RAISED compile error
/home/antonys/Code/railschef/app/views/recipes/new.html.erb:3: syntax error, unexpected tAMPER
;  form_for @recipe do |f| &>
                            ^
/home/antonys/Code/railschef/app/views/recipes/new.html.erb:19: syntax error, unexpected tIDENTIFIER, expecting kEND
/home/antonys/Code/railschef/app/views/recipes/new.html.erb:20: syntax error, unexpected $end, expecting kEND
Function body:           def _run_erb_app47views47recipes47new46html46erb(local_assigns)
            old_output_buffer = output_buffer;;@output_buffer = '';  __in_erb_template=true ; @output_buffer.concat "<h1>Create New Recipe</h1>\n\n"

;  form_for @recipe do |f| &>

<p>
  <%= f.label : title; @output_buffer.concat "<br />\n  "
; @output_buffer.concat(( f.text_field :title).to_s); @output_buffer.concat "\n</p>\n<p>\n  "


; @output_buffer.concat(( f.label : method).to_s); @output_buffer.concat "<br />\n  "
; @output_buffer.concat(( f.text_area :method).to_s); @output_buffer.concat "\n</p>\n\n\n"



;  end ; @output_buffer.concat "\n\n"

; @output_buffer
          ensure
            self.output_buffer = old_output_buffer
          end
Backtrace: /home/antonys/Code/railschef/app/views/recipes/new.html.erb:20:in `compile!'
/usr/lib/ruby/gems/1.8/gems/actionpack-2.3.11/lib/action_view/renderable.rb:61:in `compile'
/usr/lib/ruby/gems/1.8/gems/actionpack-2.3.11/lib/action_view/renderable.rb:28:in `render'
/usr/lib/ruby/gems/1.8/gems/actionpack-2.3.11/lib/action_view/template.rb:205:in `render_template'
/usr/lib/ruby/gems/1.8/gems/actionpack-2.3.11/lib/action_view/base.rb:265:in `render'
/usr/lib/ruby/gems/1.8/gems/actionpack-2.3.11/lib/action_controller/base.rb:1252:in `render_for_file'
/usr/lib/ruby/gems/1.8/gems/actionpack-2.3.11/lib/action_controller/base.rb:936:in `render_without_benchmark'
/usr/lib/ruby/gems/1.8/gems/actionpack-2.3.11/lib/action_controller/benchmarking.rb:51:in `render'
/usr/lib/ruby/gems/1.8/gems/activesupport-2.3.11/lib/active_support/core_ext/benchmark.rb:17:in `ms'
/usr/lib/ruby/1.8/benchmark.rb:308:in `realtime'
/usr/lib/ruby/gems/1.8/gems/activesupport-2.3.11/lib/active_support/core_ext/benchmark.rb:17:in `ms'
/usr/lib/ruby/gems/1.8/gems/actionpack-2.3.11/lib/action_controller/benchmarking.rb:51:in `render'
/usr/lib/ruby/gems/1.8/gems/actionpack-2.3.11/lib/action_controller/base.rb:1328:in `default_render'
/usr/lib/ruby/gems/1.8/gems/actionpack-2.3.11/lib/action_controller/base.rb:1334:in `perform_action_without_filters'
/usr/lib/ruby/gems/1.8/gems/actionpack-2.3.11/lib/action_controller/filters.rb:617:in `call_filters'
/usr/lib/ruby/gems/1.8/gems/actionpack-2.3.11/lib/action_controller/filters.rb:610:in `perform_action_without_benchmark'
/usr/lib/ruby/gems/1.8/gems/actionpack-2.3.11/lib/action_controller/benchmarking.rb:68:in `perform_action_without_rescue'
/usr/lib/ruby/gems/1.8/gems/activesupport-2.3.11/lib/active_support/core_ext/benchmark.rb:17:in `ms'
/usr/lib/ruby/1.8/benchmark.rb:308:in `realtime'
/usr/lib/ruby/gems/1.8/gems/activesupport-2.3.11/lib/active_support/core_ext/benchmark.rb:17:in `ms'
/usr/lib/ruby/gems/1.8/gems/actionpack-2.3.11/lib/action_controller/benchmarking.rb:68:in `perform_action_without_rescue'
/usr/lib/ruby/gems/1.8/gems/actionpack-2.3.11/lib/action_controller/rescue.rb:160:in `perform_action_without_flash'
/usr/lib/ruby/gems/1.8/gems/actionpack-2.3.11/lib/action_controller/flash.rb:151:in `perform_action'
/usr/lib/ruby/gems/1.8/gems/actionpack-2.3.11/lib/action_controller/base.rb:532:in `send'
/usr/lib/ruby/gems/1.8/gems/actionpack-2.3.11/lib/action_controller/base.rb:532:in `process_without_filters'
/usr/lib/ruby/gems/1.8/gems/actionpack-2.3.11/lib/action_controller/filters.rb:606:in `process'
/usr/lib/ruby/gems/1.8/gems/actionpack-2.3.11/lib/action_controller/base.rb:391:in `process'
/usr/lib/ruby/gems/1.8/gems/actionpack-2.3.11/lib/action_controller/base.rb:386:in `call'
/usr/lib/ruby/gems/1.8/gems/actionpack-2.3.11/lib/action_controller/routing/route_set.rb:438:in `call'
/usr/lib/ruby/gems/1.8/gems/actionpack-2.3.11/lib/action_controller/dispatcher.rb:87:in `dispatch'
/usr/lib/ruby/gems/1.8/gems/actionpack-2.3.11/lib/action_controller/dispatcher.rb:121:in `_call'
/usr/lib/ruby/gems/1.8/gems/actionpack-2.3.11/lib/action_controller/dispatcher.rb:130:in `build_middleware_stack'
/usr/lib/ruby/gems/1.8/gems/activerecord-2.3.11/lib/active_record/query_cache.rb:29:in `call'
/usr/lib/ruby/gems/1.8/gems/activerecord-2.3.11/lib/active_record/query_cache.rb:29:in `call'
/usr/lib/ruby/gems/1.8/gems/activerecord-2.3.11/lib/active_record/connection_adapters/abstract/query_cache.rb:34:in `cache'
/usr/lib/ruby/gems/1.8/gems/activerecord-2.3.11/lib/active_record/query_cache.rb:9:in `cache'
/usr/lib/ruby/gems/1.8/gems/activerecord-2.3.11/lib/active_record/query_cache.rb:28:in `call'
/usr/lib/ruby/gems/1.8/gems/activerecord-2.3.11/lib/active_record/connection_adapters/abstract/connection_pool.rb:361:in `call'
/usr/lib/ruby/gems/1.8/gems/actionpack-2.3.11/lib/action_controller/string_coercion.rb:25:in `call'
/usr/lib/ruby/gems/1.8/gems/rack-1.1.2/lib/rack/head.rb:9:in `call'
/usr/lib/ruby/gems/1.8/gems/rack-1.1.2/lib/rack/methodoverride.rb:24:in `call'
/usr/lib/ruby/gems/1.8/gems/actionpack-2.3.11/lib/action_controller/params_parser.rb:15:in `call'
/usr/lib/ruby/gems/1.8/gems/actionpack-2.3.11/lib/action_controller/session/cookie_store.rb:99:in `call'
/usr/lib/ruby/gems/1.8/gems/actionpack-2.3.11/lib/action_controller/failsafe.rb:26:in `call'
/usr/lib/ruby/gems/1.8/gems/rack-1.1.2/lib/rack/lock.rb:11:in `call'
/usr/lib/ruby/gems/1.8/gems/rack-1.1.2/lib/rack/lock.rb:11:in `synchronize'
/usr/lib/ruby/gems/1.8/gems/rack-1.1.2/lib/rack/lock.rb:11:in `call'
/usr/lib/ruby/gems/1.8/gems/actionpack-2.3.11/lib/action_controller/dispatcher.rb:114:in `call'
/usr/lib/ruby/gems/1.8/gems/actionpack-2.3.11/lib/action_controller/reloader.rb:34:in `run'
/usr/lib/ruby/gems/1.8/gems/actionpack-2.3.11/lib/action_controller/dispatcher.rb:108:in `call'
/usr/lib/ruby/gems/1.8/gems/rails-2.3.11/lib/rails/rack/static.rb:31:in `call'
/usr/lib/ruby/gems/1.8/gems/rack-1.1.2/lib/rack/urlmap.rb:47:in `call'
/usr/lib/ruby/gems/1.8/gems/rack-1.1.2/lib/rack/urlmap.rb:41:in `each'
/usr/lib/ruby/gems/1.8/gems/rack-1.1.2/lib/rack/urlmap.rb:41:in `call'
/usr/lib/ruby/gems/1.8/gems/rails-2.3.11/lib/rails/rack/log_tailer.rb:17:in `call'
/usr/lib/ruby/gems/1.8/gems/rack-1.1.2/lib/rack/content_length.rb:13:in `call'
/usr/lib/ruby/gems/1.8/gems/rack-1.1.2/lib/rack/handler/webrick.rb:48:in `service'
/usr/lib/ruby/1.8/webrick/httpserver.rb:104:in `service'
/usr/lib/ruby/1.8/webrick/httpserver.rb:65:in `run'
/usr/lib/ruby/1.8/webrick/server.rb:173:in `start_thread'
/usr/lib/ruby/1.8/webrick/server.rb:162:in `start'
/usr/lib/ruby/1.8/webrick/server.rb:162:in `start_thread'
/usr/lib/ruby/1.8/webrick/server.rb:95:in `start'
/usr/lib/ruby/1.8/webrick/server.rb:92:in `each'
/usr/lib/ruby/1.8/webrick/server.rb:92:in `start'
/usr/lib/ruby/1.8/webrick/server.rb:23:in `start'
/usr/lib/ruby/1.8/webrick/server.rb:82:in `start'
/usr/lib/ruby/gems/1.8/gems/rack-1.1.2/lib/rack/handler/webrick.rb:14:in `run'
/usr/lib/ruby/gems/1.8/gems/rails-2.3.11/lib/commands/server.rb:111
/usr/local/lib/site_ruby/1.8/rubygems/custom_require.rb:36:in `gem_original_require'
/usr/local/lib/site_ruby/1.8/rubygems/custom_require.rb:36:in `require'
script/server:3

ActionView::TemplateError (compile error
/home/antonys/Code/railschef/app/views/recipes/new.html.erb:3: syntax error, unexpected tAMPER
;  form_for @recipe do |f| &>
                            ^
/home/antonys/Code/railschef/app/views/recipes/new.html.erb:19: syntax error, unexpected tIDENTIFIER, expecting kEND
/home/antonys/Code/railschef/app/views/recipes/new.html.erb:20: syntax error, unexpected $end, expecting kEND) on line #3 of app/views/recipes/new.html.erb:
1: <h1>Create New Recipe</h1>
2: 
3: <% form_for @recipe do |f| &>
4: 
5: <p>
6:   <%= f.label : title%><br />

    app/views/recipes/new.html.erb:20:in `compile!'
    /usr/lib/ruby/1.8/webrick/httpserver.rb:104:in `service'
    /usr/lib/ruby/1.8/webrick/httpserver.rb:65:in `run'
    /usr/lib/ruby/1.8/webrick/server.rb:173:in `start_thread'
    /usr/lib/ruby/1.8/webrick/server.rb:162:in `start'
    /usr/lib/ruby/1.8/webrick/server.rb:162:in `start_thread'
    /usr/lib/ruby/1.8/webrick/server.rb:95:in `start'
    /usr/lib/ruby/1.8/webrick/server.rb:92:in `each'
    /usr/lib/ruby/1.8/webrick/server.rb:92:in `start'
    /usr/lib/ruby/1.8/webrick/server.rb:23:in `start'
    /usr/lib/ruby/1.8/webrick/server.rb:82:in `start'

Rendered rescues/_trace (40.0ms)
Rendered rescues/_request_and_response (1.4ms)
Rendering rescues/layout (internal_server_error)


Processing RecipesController#new (for 127.0.0.1 at 2011-12-08 15:40:25) [GET]
Rendering recipes/new
ERROR: compiling _run_erb_app47views47recipes47new46html46erb RAISED compile error
/home/antonys/Code/railschef/app/views/recipes/new.html.erb:3: syntax error, unexpected tAMPER
;  form_for @recipe do |f| &>
                            ^
/home/antonys/Code/railschef/app/views/recipes/new.html.erb:19: syntax error, unexpected tIDENTIFIER, expecting kEND
/home/antonys/Code/railschef/app/views/recipes/new.html.erb:20: syntax error, unexpected $end, expecting kEND
Function body:           def _run_erb_app47views47recipes47new46html46erb(local_assigns)
            old_output_buffer = output_buffer;;@output_buffer = '';  __in_erb_template=true ; @output_buffer.concat "<h1>Create New Recipe</h1>\n\n"

;  form_for @recipe do |f| &>

<p>
  <%= f.label : title; @output_buffer.concat "<br />\n  "
; @output_buffer.concat(( f.text_field :title).to_s); @output_buffer.concat "\n</p>\n<p>\n  "


; @output_buffer.concat(( f.label : method).to_s); @output_buffer.concat "<br />\n  "
; @output_buffer.concat(( f.text_area :method).to_s); @output_buffer.concat "\n</p>\n\n\n"



;  end ; @output_buffer.concat "\n\n"

; @output_buffer
          ensure
            self.output_buffer = old_output_buffer
          end
Backtrace: /home/antonys/Code/railschef/app/views/recipes/new.html.erb:20:in `compile!'
/usr/lib/ruby/gems/1.8/gems/actionpack-2.3.11/lib/action_view/renderable.rb:61:in `compile'
/usr/lib/ruby/gems/1.8/gems/actionpack-2.3.11/lib/action_view/renderable.rb:28:in `render'
/usr/lib/ruby/gems/1.8/gems/actionpack-2.3.11/lib/action_view/template.rb:205:in `render_template'
/usr/lib/ruby/gems/1.8/gems/actionpack-2.3.11/lib/action_view/base.rb:265:in `render'
/usr/lib/ruby/gems/1.8/gems/actionpack-2.3.11/lib/action_controller/base.rb:1252:in `render_for_file'
/usr/lib/ruby/gems/1.8/gems/actionpack-2.3.11/lib/action_controller/base.rb:936:in `render_without_benchmark'
/usr/lib/ruby/gems/1.8/gems/actionpack-2.3.11/lib/action_controller/benchmarking.rb:51:in `render'
/usr/lib/ruby/gems/1.8/gems/activesupport-2.3.11/lib/active_support/core_ext/benchmark.rb:17:in `ms'
/usr/lib/ruby/1.8/benchmark.rb:308:in `realtime'
/usr/lib/ruby/gems/1.8/gems/activesupport-2.3.11/lib/active_support/core_ext/benchmark.rb:17:in `ms'
/usr/lib/ruby/gems/1.8/gems/actionpack-2.3.11/lib/action_controller/benchmarking.rb:51:in `render'
/usr/lib/ruby/gems/1.8/gems/actionpack-2.3.11/lib/action_controller/base.rb:1328:in `default_render'
/usr/lib/ruby/gems/1.8/gems/actionpack-2.3.11/lib/action_controller/base.rb:1334:in `perform_action_without_filters'
/usr/lib/ruby/gems/1.8/gems/actionpack-2.3.11/lib/action_controller/filters.rb:617:in `call_filters'
/usr/lib/ruby/gems/1.8/gems/actionpack-2.3.11/lib/action_controller/filters.rb:610:in `perform_action_without_benchmark'
/usr/lib/ruby/gems/1.8/gems/actionpack-2.3.11/lib/action_controller/benchmarking.rb:68:in `perform_action_without_rescue'
/usr/lib/ruby/gems/1.8/gems/activesupport-2.3.11/lib/active_support/core_ext/benchmark.rb:17:in `ms'
/usr/lib/ruby/1.8/benchmark.rb:308:in `realtime'
/usr/lib/ruby/gems/1.8/gems/activesupport-2.3.11/lib/active_support/core_ext/benchmark.rb:17:in `ms'
/usr/lib/ruby/gems/1.8/gems/actionpack-2.3.11/lib/action_controller/benchmarking.rb:68:in `perform_action_without_rescue'
/usr/lib/ruby/gems/1.8/gems/actionpack-2.3.11/lib/action_controller/rescue.rb:160:in `perform_action_without_flash'
/usr/lib/ruby/gems/1.8/gems/actionpack-2.3.11/lib/action_controller/flash.rb:151:in `perform_action'
/usr/lib/ruby/gems/1.8/gems/actionpack-2.3.11/lib/action_controller/base.rb:532:in `send'
/usr/lib/ruby/gems/1.8/gems/actionpack-2.3.11/lib/action_controller/base.rb:532:in `process_without_filters'
/usr/lib/ruby/gems/1.8/gems/actionpack-2.3.11/lib/action_controller/filters.rb:606:in `process'
/usr/lib/ruby/gems/1.8/gems/actionpack-2.3.11/lib/action_controller/base.rb:391:in `process'
/usr/lib/ruby/gems/1.8/gems/actionpack-2.3.11/lib/action_controller/base.rb:386:in `call'
/usr/lib/ruby/gems/1.8/gems/actionpack-2.3.11/lib/action_controller/routing/route_set.rb:438:in `call'
/usr/lib/ruby/gems/1.8/gems/actionpack-2.3.11/lib/action_controller/dispatcher.rb:87:in `dispatch'
/usr/lib/ruby/gems/1.8/gems/actionpack-2.3.11/lib/action_controller/dispatcher.rb:121:in `_call'
/usr/lib/ruby/gems/1.8/gems/actionpack-2.3.11/lib/action_controller/dispatcher.rb:130:in `build_middleware_stack'
/usr/lib/ruby/gems/1.8/gems/activerecord-2.3.11/lib/active_record/query_cache.rb:29:in `call'
/usr/lib/ruby/gems/1.8/gems/activerecord-2.3.11/lib/active_record/query_cache.rb:29:in `call'
/usr/lib/ruby/gems/1.8/gems/activerecord-2.3.11/lib/active_record/connection_adapters/abstract/query_cache.rb:34:in `cache'
/usr/lib/ruby/gems/1.8/gems/activerecord-2.3.11/lib/active_record/query_cache.rb:9:in `cache'
/usr/lib/ruby/gems/1.8/gems/activerecord-2.3.11/lib/active_record/query_cache.rb:28:in `call'
/usr/lib/ruby/gems/1.8/gems/activerecord-2.3.11/lib/active_record/connection_adapters/abstract/connection_pool.rb:361:in `call'
/usr/lib/ruby/gems/1.8/gems/actionpack-2.3.11/lib/action_controller/string_coercion.rb:25:in `call'
/usr/lib/ruby/gems/1.8/gems/rack-1.1.2/lib/rack/head.rb:9:in `call'
/usr/lib/ruby/gems/1.8/gems/rack-1.1.2/lib/rack/methodoverride.rb:24:in `call'
/usr/lib/ruby/gems/1.8/gems/actionpack-2.3.11/lib/action_controller/params_parser.rb:15:in `call'
/usr/lib/ruby/gems/1.8/gems/actionpack-2.3.11/lib/action_controller/session/cookie_store.rb:99:in `call'
/usr/lib/ruby/gems/1.8/gems/actionpack-2.3.11/lib/action_controller/failsafe.rb:26:in `call'
/usr/lib/ruby/gems/1.8/gems/rack-1.1.2/lib/rack/lock.rb:11:in `call'
/usr/lib/ruby/gems/1.8/gems/rack-1.1.2/lib/rack/lock.rb:11:in `synchronize'
/usr/lib/ruby/gems/1.8/gems/rack-1.1.2/lib/rack/lock.rb:11:in `call'
/usr/lib/ruby/gems/1.8/gems/actionpack-2.3.11/lib/action_controller/dispatcher.rb:114:in `call'
/usr/lib/ruby/gems/1.8/gems/actionpack-2.3.11/lib/action_controller/reloader.rb:34:in `run'
/usr/lib/ruby/gems/1.8/gems/actionpack-2.3.11/lib/action_controller/dispatcher.rb:108:in `call'
/usr/lib/ruby/gems/1.8/gems/rails-2.3.11/lib/rails/rack/static.rb:31:in `call'
/usr/lib/ruby/gems/1.8/gems/rack-1.1.2/lib/rack/urlmap.rb:47:in `call'
/usr/lib/ruby/gems/1.8/gems/rack-1.1.2/lib/rack/urlmap.rb:41:in `each'
/usr/lib/ruby/gems/1.8/gems/rack-1.1.2/lib/rack/urlmap.rb:41:in `call'
/usr/lib/ruby/gems/1.8/gems/rails-2.3.11/lib/rails/rack/log_tailer.rb:17:in `call'
/usr/lib/ruby/gems/1.8/gems/rack-1.1.2/lib/rack/content_length.rb:13:in `call'
/usr/lib/ruby/gems/1.8/gems/rack-1.1.2/lib/rack/handler/webrick.rb:48:in `service'
/usr/lib/ruby/1.8/webrick/httpserver.rb:104:in `service'
/usr/lib/ruby/1.8/webrick/httpserver.rb:65:in `run'
/usr/lib/ruby/1.8/webrick/server.rb:173:in `start_thread'
/usr/lib/ruby/1.8/webrick/server.rb:162:in `start'
/usr/lib/ruby/1.8/webrick/server.rb:162:in `start_thread'
/usr/lib/ruby/1.8/webrick/server.rb:95:in `start'
/usr/lib/ruby/1.8/webrick/server.rb:92:in `each'
/usr/lib/ruby/1.8/webrick/server.rb:92:in `start'
/usr/lib/ruby/1.8/webrick/server.rb:23:in `start'
/usr/lib/ruby/1.8/webrick/server.rb:82:in `start'
/usr/lib/ruby/gems/1.8/gems/rack-1.1.2/lib/rack/handler/webrick.rb:14:in `run'
/usr/lib/ruby/gems/1.8/gems/rails-2.3.11/lib/commands/server.rb:111
/usr/local/lib/site_ruby/1.8/rubygems/custom_require.rb:36:in `gem_original_require'
/usr/local/lib/site_ruby/1.8/rubygems/custom_require.rb:36:in `require'
script/server:3

ActionView::TemplateError (compile error
/home/antonys/Code/railschef/app/views/recipes/new.html.erb:3: syntax error, unexpected tAMPER
;  form_for @recipe do |f| &>
                            ^
/home/antonys/Code/railschef/app/views/recipes/new.html.erb:19: syntax error, unexpected tIDENTIFIER, expecting kEND
/home/antonys/Code/railschef/app/views/recipes/new.html.erb:20: syntax error, unexpected $end, expecting kEND) on line #3 of app/views/recipes/new.html.erb:
1: <h1>Create New Recipe</h1>
2: 
3: <% form_for @recipe do |f| &>
4: 
5: <p>
6:   <%= f.label : title%><br />

    app/views/recipes/new.html.erb:20:in `compile!'
    /usr/lib/ruby/1.8/webrick/httpserver.rb:104:in `service'
    /usr/lib/ruby/1.8/webrick/httpserver.rb:65:in `run'
    /usr/lib/ruby/1.8/webrick/server.rb:173:in `start_thread'
    /usr/lib/ruby/1.8/webrick/server.rb:162:in `start'
    /usr/lib/ruby/1.8/webrick/server.rb:162:in `start_thread'
    /usr/lib/ruby/1.8/webrick/server.rb:95:in `start'
    /usr/lib/ruby/1.8/webrick/server.rb:92:in `each'
    /usr/lib/ruby/1.8/webrick/server.rb:92:in `start'
    /usr/lib/ruby/1.8/webrick/server.rb:23:in `start'
    /usr/lib/ruby/1.8/webrick/server.rb:82:in `start'

Rendered rescues/_trace (38.6ms)
Rendered rescues/_request_and_response (0.3ms)
Rendering rescues/layout (internal_server_error)


Processing RecipesController#new (for 127.0.0.1 at 2011-12-08 15:40:58) [GET]
Rendering recipes/new
ERROR: compiling _run_erb_app47views47recipes47new46html46erb RAISED compile error
/home/antonys/Code/railschef/app/views/recipes/new.html.erb:3: syntax error, unexpected tAMPER
;  form_for @recipe do |f| &>
                            ^
/home/antonys/Code/railschef/app/views/recipes/new.html.erb:17: syntax error, unexpected tIDENTIFIER, expecting kEND
/home/antonys/Code/railschef/app/views/recipes/new.html.erb:18: syntax error, unexpected $end, expecting kEND
Function body:           def _run_erb_app47views47recipes47new46html46erb(local_assigns)
            old_output_buffer = output_buffer;;@output_buffer = '';  __in_erb_template=true ; @output_buffer.concat "<h1>Create New Recipe</h1>\n\n"

;  form_for @recipe do |f| &>

<p>
  <%= f.label : title ; @output_buffer.concat "<br />\n  "
; @output_buffer.concat(( f.text_field :title ).to_s); @output_buffer.concat "\n</p>\n<p>\n  "


; @output_buffer.concat(( f.label : method ).to_s); @output_buffer.concat "<br />\n  "
; @output_buffer.concat(( f.text_area :method ).to_s); @output_buffer.concat "\n</p>\n"

;  end ; @output_buffer.concat "\n\n"

; @output_buffer
          ensure
            self.output_buffer = old_output_buffer
          end
Backtrace: /home/antonys/Code/railschef/app/views/recipes/new.html.erb:18:in `compile!'
/usr/lib/ruby/gems/1.8/gems/actionpack-2.3.11/lib/action_view/renderable.rb:61:in `compile'
/usr/lib/ruby/gems/1.8/gems/actionpack-2.3.11/lib/action_view/renderable.rb:28:in `render'
/usr/lib/ruby/gems/1.8/gems/actionpack-2.3.11/lib/action_view/template.rb:205:in `render_template'
/usr/lib/ruby/gems/1.8/gems/actionpack-2.3.11/lib/action_view/base.rb:265:in `render'
/usr/lib/ruby/gems/1.8/gems/actionpack-2.3.11/lib/action_controller/base.rb:1252:in `render_for_file'
/usr/lib/ruby/gems/1.8/gems/actionpack-2.3.11/lib/action_controller/base.rb:936:in `render_without_benchmark'
/usr/lib/ruby/gems/1.8/gems/actionpack-2.3.11/lib/action_controller/benchmarking.rb:51:in `render'
/usr/lib/ruby/gems/1.8/gems/activesupport-2.3.11/lib/active_support/core_ext/benchmark.rb:17:in `ms'
/usr/lib/ruby/1.8/benchmark.rb:308:in `realtime'
/usr/lib/ruby/gems/1.8/gems/activesupport-2.3.11/lib/active_support/core_ext/benchmark.rb:17:in `ms'
/usr/lib/ruby/gems/1.8/gems/actionpack-2.3.11/lib/action_controller/benchmarking.rb:51:in `render'
/usr/lib/ruby/gems/1.8/gems/actionpack-2.3.11/lib/action_controller/base.rb:1328:in `default_render'
/usr/lib/ruby/gems/1.8/gems/actionpack-2.3.11/lib/action_controller/base.rb:1334:in `perform_action_without_filters'
/usr/lib/ruby/gems/1.8/gems/actionpack-2.3.11/lib/action_controller/filters.rb:617:in `call_filters'
/usr/lib/ruby/gems/1.8/gems/actionpack-2.3.11/lib/action_controller/filters.rb:610:in `perform_action_without_benchmark'
/usr/lib/ruby/gems/1.8/gems/actionpack-2.3.11/lib/action_controller/benchmarking.rb:68:in `perform_action_without_rescue'
/usr/lib/ruby/gems/1.8/gems/activesupport-2.3.11/lib/active_support/core_ext/benchmark.rb:17:in `ms'
/usr/lib/ruby/1.8/benchmark.rb:308:in `realtime'
/usr/lib/ruby/gems/1.8/gems/activesupport-2.3.11/lib/active_support/core_ext/benchmark.rb:17:in `ms'
/usr/lib/ruby/gems/1.8/gems/actionpack-2.3.11/lib/action_controller/benchmarking.rb:68:in `perform_action_without_rescue'
/usr/lib/ruby/gems/1.8/gems/actionpack-2.3.11/lib/action_controller/rescue.rb:160:in `perform_action_without_flash'
/usr/lib/ruby/gems/1.8/gems/actionpack-2.3.11/lib/action_controller/flash.rb:151:in `perform_action'
/usr/lib/ruby/gems/1.8/gems/actionpack-2.3.11/lib/action_controller/base.rb:532:in `send'
/usr/lib/ruby/gems/1.8/gems/actionpack-2.3.11/lib/action_controller/base.rb:532:in `process_without_filters'
/usr/lib/ruby/gems/1.8/gems/actionpack-2.3.11/lib/action_controller/filters.rb:606:in `process'
/usr/lib/ruby/gems/1.8/gems/actionpack-2.3.11/lib/action_controller/base.rb:391:in `process'
/usr/lib/ruby/gems/1.8/gems/actionpack-2.3.11/lib/action_controller/base.rb:386:in `call'
/usr/lib/ruby/gems/1.8/gems/actionpack-2.3.11/lib/action_controller/routing/route_set.rb:438:in `call'
/usr/lib/ruby/gems/1.8/gems/actionpack-2.3.11/lib/action_controller/dispatcher.rb:87:in `dispatch'
/usr/lib/ruby/gems/1.8/gems/actionpack-2.3.11/lib/action_controller/dispatcher.rb:121:in `_call'
/usr/lib/ruby/gems/1.8/gems/actionpack-2.3.11/lib/action_controller/dispatcher.rb:130:in `build_middleware_stack'
/usr/lib/ruby/gems/1.8/gems/activerecord-2.3.11/lib/active_record/query_cache.rb:29:in `call'
/usr/lib/ruby/gems/1.8/gems/activerecord-2.3.11/lib/active_record/query_cache.rb:29:in `call'
/usr/lib/ruby/gems/1.8/gems/activerecord-2.3.11/lib/active_record/connection_adapters/abstract/query_cache.rb:34:in `cache'
/usr/lib/ruby/gems/1.8/gems/activerecord-2.3.11/lib/active_record/query_cache.rb:9:in `cache'
/usr/lib/ruby/gems/1.8/gems/activerecord-2.3.11/lib/active_record/query_cache.rb:28:in `call'
/usr/lib/ruby/gems/1.8/gems/activerecord-2.3.11/lib/active_record/connection_adapters/abstract/connection_pool.rb:361:in `call'
/usr/lib/ruby/gems/1.8/gems/actionpack-2.3.11/lib/action_controller/string_coercion.rb:25:in `call'
/usr/lib/ruby/gems/1.8/gems/rack-1.1.2/lib/rack/head.rb:9:in `call'
/usr/lib/ruby/gems/1.8/gems/rack-1.1.2/lib/rack/methodoverride.rb:24:in `call'
/usr/lib/ruby/gems/1.8/gems/actionpack-2.3.11/lib/action_controller/params_parser.rb:15:in `call'
/usr/lib/ruby/gems/1.8/gems/actionpack-2.3.11/lib/action_controller/session/cookie_store.rb:99:in `call'
/usr/lib/ruby/gems/1.8/gems/actionpack-2.3.11/lib/action_controller/failsafe.rb:26:in `call'
/usr/lib/ruby/gems/1.8/gems/rack-1.1.2/lib/rack/lock.rb:11:in `call'
/usr/lib/ruby/gems/1.8/gems/rack-1.1.2/lib/rack/lock.rb:11:in `synchronize'
/usr/lib/ruby/gems/1.8/gems/rack-1.1.2/lib/rack/lock.rb:11:in `call'
/usr/lib/ruby/gems/1.8/gems/actionpack-2.3.11/lib/action_controller/dispatcher.rb:114:in `call'
/usr/lib/ruby/gems/1.8/gems/actionpack-2.3.11/lib/action_controller/reloader.rb:34:in `run'
/usr/lib/ruby/gems/1.8/gems/actionpack-2.3.11/lib/action_controller/dispatcher.rb:108:in `call'
/usr/lib/ruby/gems/1.8/gems/rails-2.3.11/lib/rails/rack/static.rb:31:in `call'
/usr/lib/ruby/gems/1.8/gems/rack-1.1.2/lib/rack/urlmap.rb:47:in `call'
/usr/lib/ruby/gems/1.8/gems/rack-1.1.2/lib/rack/urlmap.rb:41:in `each'
/usr/lib/ruby/gems/1.8/gems/rack-1.1.2/lib/rack/urlmap.rb:41:in `call'
/usr/lib/ruby/gems/1.8/gems/rails-2.3.11/lib/rails/rack/log_tailer.rb:17:in `call'
/usr/lib/ruby/gems/1.8/gems/rack-1.1.2/lib/rack/content_length.rb:13:in `call'
/usr/lib/ruby/gems/1.8/gems/rack-1.1.2/lib/rack/handler/webrick.rb:48:in `service'
/usr/lib/ruby/1.8/webrick/httpserver.rb:104:in `service'
/usr/lib/ruby/1.8/webrick/httpserver.rb:65:in `run'
/usr/lib/ruby/1.8/webrick/server.rb:173:in `start_thread'
/usr/lib/ruby/1.8/webrick/server.rb:162:in `start'
/usr/lib/ruby/1.8/webrick/server.rb:162:in `start_thread'
/usr/lib/ruby/1.8/webrick/server.rb:95:in `start'
/usr/lib/ruby/1.8/webrick/server.rb:92:in `each'
/usr/lib/ruby/1.8/webrick/server.rb:92:in `start'
/usr/lib/ruby/1.8/webrick/server.rb:23:in `start'
/usr/lib/ruby/1.8/webrick/server.rb:82:in `start'
/usr/lib/ruby/gems/1.8/gems/rack-1.1.2/lib/rack/handler/webrick.rb:14:in `run'
/usr/lib/ruby/gems/1.8/gems/rails-2.3.11/lib/commands/server.rb:111
/usr/local/lib/site_ruby/1.8/rubygems/custom_require.rb:36:in `gem_original_require'
/usr/local/lib/site_ruby/1.8/rubygems/custom_require.rb:36:in `require'
script/server:3

ActionView::TemplateError (compile error
/home/antonys/Code/railschef/app/views/recipes/new.html.erb:3: syntax error, unexpected tAMPER
;  form_for @recipe do |f| &>
                            ^
/home/antonys/Code/railschef/app/views/recipes/new.html.erb:17: syntax error, unexpected tIDENTIFIER, expecting kEND
/home/antonys/Code/railschef/app/views/recipes/new.html.erb:18: syntax error, unexpected $end, expecting kEND) on line #3 of app/views/recipes/new.html.erb:
1: <h1>Create New Recipe</h1>
2: 
3: <% form_for @recipe do |f| &>
4: 
5: <p>
6:   <%= f.label : title %><br />

    app/views/recipes/new.html.erb:18:in `compile!'
    /usr/lib/ruby/1.8/webrick/httpserver.rb:104:in `service'
    /usr/lib/ruby/1.8/webrick/httpserver.rb:65:in `run'
    /usr/lib/ruby/1.8/webrick/server.rb:173:in `start_thread'
    /usr/lib/ruby/1.8/webrick/server.rb:162:in `start'
    /usr/lib/ruby/1.8/webrick/server.rb:162:in `start_thread'
    /usr/lib/ruby/1.8/webrick/server.rb:95:in `start'
    /usr/lib/ruby/1.8/webrick/server.rb:92:in `each'
    /usr/lib/ruby/1.8/webrick/server.rb:92:in `start'
    /usr/lib/ruby/1.8/webrick/server.rb:23:in `start'
    /usr/lib/ruby/1.8/webrick/server.rb:82:in `start'

Rendered rescues/_trace (86.5ms)
Rendered rescues/_request_and_response (0.3ms)
Rendering rescues/layout (internal_server_error)


Processing RecipesController#new (for 127.0.0.1 at 2011-12-08 15:41:37) [GET]
Rendering recipes/new
ERROR: compiling _run_erb_app47views47recipes47new46html46erb RAISED compile error
/home/antonys/Code/railschef/app/views/recipes/new.html.erb:3: syntax error, unexpected tAMPER
;  form_for @recipe do |f| &>
                            ^
/home/antonys/Code/railschef/app/views/recipes/new.html.erb:17: syntax error, unexpected tIDENTIFIER, expecting kEND
/home/antonys/Code/railschef/app/views/recipes/new.html.erb:18: syntax error, unexpected $end, expecting kEND
Function body:           def _run_erb_app47views47recipes47new46html46erb(local_assigns)
            old_output_buffer = output_buffer;;@output_buffer = '';  __in_erb_template=true ; @output_buffer.concat "<h1>Create New Recipe</h1>\n\n"

;  form_for @recipe do |f| &>

<p>
  <%= f.label :title ; @output_buffer.concat "<br />\n  "
; @output_buffer.concat(( f.text_field :title ).to_s); @output_buffer.concat "\n</p>\n<p>\n  "


; @output_buffer.concat(( f.label :method ).to_s); @output_buffer.concat "<br />\n  "
; @output_buffer.concat(( f.text_area :method ).to_s); @output_buffer.concat "\n</p>\n"

;  end ; @output_buffer.concat "\n\n"

; @output_buffer
          ensure
            self.output_buffer = old_output_buffer
          end
Backtrace: /home/antonys/Code/railschef/app/views/recipes/new.html.erb:18:in `compile!'
/usr/lib/ruby/gems/1.8/gems/actionpack-2.3.11/lib/action_view/renderable.rb:61:in `compile'
/usr/lib/ruby/gems/1.8/gems/actionpack-2.3.11/lib/action_view/renderable.rb:28:in `render'
/usr/lib/ruby/gems/1.8/gems/actionpack-2.3.11/lib/action_view/template.rb:205:in `render_template'
/usr/lib/ruby/gems/1.8/gems/actionpack-2.3.11/lib/action_view/base.rb:265:in `render'
/usr/lib/ruby/gems/1.8/gems/actionpack-2.3.11/lib/action_controller/base.rb:1252:in `render_for_file'
/usr/lib/ruby/gems/1.8/gems/actionpack-2.3.11/lib/action_controller/base.rb:936:in `render_without_benchmark'
/usr/lib/ruby/gems/1.8/gems/actionpack-2.3.11/lib/action_controller/benchmarking.rb:51:in `render'
/usr/lib/ruby/gems/1.8/gems/activesupport-2.3.11/lib/active_support/core_ext/benchmark.rb:17:in `ms'
/usr/lib/ruby/1.8/benchmark.rb:308:in `realtime'
/usr/lib/ruby/gems/1.8/gems/activesupport-2.3.11/lib/active_support/core_ext/benchmark.rb:17:in `ms'
/usr/lib/ruby/gems/1.8/gems/actionpack-2.3.11/lib/action_controller/benchmarking.rb:51:in `render'
/usr/lib/ruby/gems/1.8/gems/actionpack-2.3.11/lib/action_controller/base.rb:1328:in `default_render'
/usr/lib/ruby/gems/1.8/gems/actionpack-2.3.11/lib/action_controller/base.rb:1334:in `perform_action_without_filters'
/usr/lib/ruby/gems/1.8/gems/actionpack-2.3.11/lib/action_controller/filters.rb:617:in `call_filters'
/usr/lib/ruby/gems/1.8/gems/actionpack-2.3.11/lib/action_controller/filters.rb:610:in `perform_action_without_benchmark'
/usr/lib/ruby/gems/1.8/gems/actionpack-2.3.11/lib/action_controller/benchmarking.rb:68:in `perform_action_without_rescue'
/usr/lib/ruby/gems/1.8/gems/activesupport-2.3.11/lib/active_support/core_ext/benchmark.rb:17:in `ms'
/usr/lib/ruby/1.8/benchmark.rb:308:in `realtime'
/usr/lib/ruby/gems/1.8/gems/activesupport-2.3.11/lib/active_support/core_ext/benchmark.rb:17:in `ms'
/usr/lib/ruby/gems/1.8/gems/actionpack-2.3.11/lib/action_controller/benchmarking.rb:68:in `perform_action_without_rescue'
/usr/lib/ruby/gems/1.8/gems/actionpack-2.3.11/lib/action_controller/rescue.rb:160:in `perform_action_without_flash'
/usr/lib/ruby/gems/1.8/gems/actionpack-2.3.11/lib/action_controller/flash.rb:151:in `perform_action'
/usr/lib/ruby/gems/1.8/gems/actionpack-2.3.11/lib/action_controller/base.rb:532:in `send'
/usr/lib/ruby/gems/1.8/gems/actionpack-2.3.11/lib/action_controller/base.rb:532:in `process_without_filters'
/usr/lib/ruby/gems/1.8/gems/actionpack-2.3.11/lib/action_controller/filters.rb:606:in `process'
/usr/lib/ruby/gems/1.8/gems/actionpack-2.3.11/lib/action_controller/base.rb:391:in `process'
/usr/lib/ruby/gems/1.8/gems/actionpack-2.3.11/lib/action_controller/base.rb:386:in `call'
/usr/lib/ruby/gems/1.8/gems/actionpack-2.3.11/lib/action_controller/routing/route_set.rb:438:in `call'
/usr/lib/ruby/gems/1.8/gems/actionpack-2.3.11/lib/action_controller/dispatcher.rb:87:in `dispatch'
/usr/lib/ruby/gems/1.8/gems/actionpack-2.3.11/lib/action_controller/dispatcher.rb:121:in `_call'
/usr/lib/ruby/gems/1.8/gems/actionpack-2.3.11/lib/action_controller/dispatcher.rb:130:in `build_middleware_stack'
/usr/lib/ruby/gems/1.8/gems/activerecord-2.3.11/lib/active_record/query_cache.rb:29:in `call'
/usr/lib/ruby/gems/1.8/gems/activerecord-2.3.11/lib/active_record/query_cache.rb:29:in `call'
/usr/lib/ruby/gems/1.8/gems/activerecord-2.3.11/lib/active_record/connection_adapters/abstract/query_cache.rb:34:in `cache'
/usr/lib/ruby/gems/1.8/gems/activerecord-2.3.11/lib/active_record/query_cache.rb:9:in `cache'
/usr/lib/ruby/gems/1.8/gems/activerecord-2.3.11/lib/active_record/query_cache.rb:28:in `call'
/usr/lib/ruby/gems/1.8/gems/activerecord-2.3.11/lib/active_record/connection_adapters/abstract/connection_pool.rb:361:in `call'
/usr/lib/ruby/gems/1.8/gems/actionpack-2.3.11/lib/action_controller/string_coercion.rb:25:in `call'
/usr/lib/ruby/gems/1.8/gems/rack-1.1.2/lib/rack/head.rb:9:in `call'
/usr/lib/ruby/gems/1.8/gems/rack-1.1.2/lib/rack/methodoverride.rb:24:in `call'
/usr/lib/ruby/gems/1.8/gems/actionpack-2.3.11/lib/action_controller/params_parser.rb:15:in `call'
/usr/lib/ruby/gems/1.8/gems/actionpack-2.3.11/lib/action_controller/session/cookie_store.rb:99:in `call'
/usr/lib/ruby/gems/1.8/gems/actionpack-2.3.11/lib/action_controller/failsafe.rb:26:in `call'
/usr/lib/ruby/gems/1.8/gems/rack-1.1.2/lib/rack/lock.rb:11:in `call'
/usr/lib/ruby/gems/1.8/gems/rack-1.1.2/lib/rack/lock.rb:11:in `synchronize'
/usr/lib/ruby/gems/1.8/gems/rack-1.1.2/lib/rack/lock.rb:11:in `call'
/usr/lib/ruby/gems/1.8/gems/actionpack-2.3.11/lib/action_controller/dispatcher.rb:114:in `call'
/usr/lib/ruby/gems/1.8/gems/actionpack-2.3.11/lib/action_controller/reloader.rb:34:in `run'
/usr/lib/ruby/gems/1.8/gems/actionpack-2.3.11/lib/action_controller/dispatcher.rb:108:in `call'
/usr/lib/ruby/gems/1.8/gems/rails-2.3.11/lib/rails/rack/static.rb:31:in `call'
/usr/lib/ruby/gems/1.8/gems/rack-1.1.2/lib/rack/urlmap.rb:47:in `call'
/usr/lib/ruby/gems/1.8/gems/rack-1.1.2/lib/rack/urlmap.rb:41:in `each'
/usr/lib/ruby/gems/1.8/gems/rack-1.1.2/lib/rack/urlmap.rb:41:in `call'
/usr/lib/ruby/gems/1.8/gems/rails-2.3.11/lib/rails/rack/log_tailer.rb:17:in `call'
/usr/lib/ruby/gems/1.8/gems/rack-1.1.2/lib/rack/content_length.rb:13:in `call'
/usr/lib/ruby/gems/1.8/gems/rack-1.1.2/lib/rack/handler/webrick.rb:48:in `service'
/usr/lib/ruby/1.8/webrick/httpserver.rb:104:in `service'
/usr/lib/ruby/1.8/webrick/httpserver.rb:65:in `run'
/usr/lib/ruby/1.8/webrick/server.rb:173:in `start_thread'
/usr/lib/ruby/1.8/webrick/server.rb:162:in `start'
/usr/lib/ruby/1.8/webrick/server.rb:162:in `start_thread'
/usr/lib/ruby/1.8/webrick/server.rb:95:in `start'
/usr/lib/ruby/1.8/webrick/server.rb:92:in `each'
/usr/lib/ruby/1.8/webrick/server.rb:92:in `start'
/usr/lib/ruby/1.8/webrick/server.rb:23:in `start'
/usr/lib/ruby/1.8/webrick/server.rb:82:in `start'
/usr/lib/ruby/gems/1.8/gems/rack-1.1.2/lib/rack/handler/webrick.rb:14:in `run'
/usr/lib/ruby/gems/1.8/gems/rails-2.3.11/lib/commands/server.rb:111
/usr/local/lib/site_ruby/1.8/rubygems/custom_require.rb:36:in `gem_original_require'
/usr/local/lib/site_ruby/1.8/rubygems/custom_require.rb:36:in `require'
script/server:3

ActionView::TemplateError (compile error
/home/antonys/Code/railschef/app/views/recipes/new.html.erb:3: syntax error, unexpected tAMPER
;  form_for @recipe do |f| &>
                            ^
/home/antonys/Code/railschef/app/views/recipes/new.html.erb:17: syntax error, unexpected tIDENTIFIER, expecting kEND
/home/antonys/Code/railschef/app/views/recipes/new.html.erb:18: syntax error, unexpected $end, expecting kEND) on line #3 of app/views/recipes/new.html.erb:
1: <h1>Create New Recipe</h1>
2: 
3: <% form_for @recipe do |f| &>
4: 
5: <p>
6:   <%= f.label :title %><br />

    app/views/recipes/new.html.erb:18:in `compile!'
    /usr/lib/ruby/1.8/webrick/httpserver.rb:104:in `service'
    /usr/lib/ruby/1.8/webrick/httpserver.rb:65:in `run'
    /usr/lib/ruby/1.8/webrick/server.rb:173:in `start_thread'
    /usr/lib/ruby/1.8/webrick/server.rb:162:in `start'
    /usr/lib/ruby/1.8/webrick/server.rb:162:in `start_thread'
    /usr/lib/ruby/1.8/webrick/server.rb:95:in `start'
    /usr/lib/ruby/1.8/webrick/server.rb:92:in `each'
    /usr/lib/ruby/1.8/webrick/server.rb:92:in `start'
    /usr/lib/ruby/1.8/webrick/server.rb:23:in `start'
    /usr/lib/ruby/1.8/webrick/server.rb:82:in `start'

Rendered rescues/_trace (37.8ms)
Rendered rescues/_request_and_response (0.3ms)
Rendering rescues/layout (internal_server_error)


Processing RecipesController#new (for 127.0.0.1 at 2011-12-08 15:42:05) [GET]
Rendering recipes/new
ERROR: compiling _run_erb_app47views47recipes47new46html46erb RAISED compile error
/home/antonys/Code/railschef/app/views/recipes/new.html.erb:3: syntax error, unexpected tAMPER
;  form_for @recipe do |f| &>
                            ^
/home/antonys/Code/railschef/app/views/recipes/new.html.erb:17: syntax error, unexpected tIDENTIFIER, expecting kEND
/home/antonys/Code/railschef/app/views/recipes/new.html.erb:18: syntax error, unexpected $end, expecting kEND
Function body:           def _run_erb_app47views47recipes47new46html46erb(local_assigns)
            old_output_buffer = output_buffer;;@output_buffer = '';  __in_erb_template=true ; @output_buffer.concat "<h1>Create New Recipe</h1>\n\n"

;  form_for @recipe do |f| &>

<p>
  <%= f.label :title ; @output_buffer.concat "<br />\n  "
; @output_buffer.concat(( f.text_field :title ).to_s); @output_buffer.concat "\n</p>\n<p>\n  "


; @output_buffer.concat(( f.label :method ).to_s); @output_buffer.concat "<br />\n  "
; @output_buffer.concat(( f.text_area :method ).to_s); @output_buffer.concat "\n</p>\n"

;  end ; @output_buffer.concat "\n\n"

; @output_buffer
          ensure
            self.output_buffer = old_output_buffer
          end
Backtrace: /home/antonys/Code/railschef/app/views/recipes/new.html.erb:18:in `compile!'
/usr/lib/ruby/gems/1.8/gems/actionpack-2.3.11/lib/action_view/renderable.rb:61:in `compile'
/usr/lib/ruby/gems/1.8/gems/actionpack-2.3.11/lib/action_view/renderable.rb:28:in `render'
/usr/lib/ruby/gems/1.8/gems/actionpack-2.3.11/lib/action_view/template.rb:205:in `render_template'
/usr/lib/ruby/gems/1.8/gems/actionpack-2.3.11/lib/action_view/base.rb:265:in `render'
/usr/lib/ruby/gems/1.8/gems/actionpack-2.3.11/lib/action_controller/base.rb:1252:in `render_for_file'
/usr/lib/ruby/gems/1.8/gems/actionpack-2.3.11/lib/action_controller/base.rb:936:in `render_without_benchmark'
/usr/lib/ruby/gems/1.8/gems/actionpack-2.3.11/lib/action_controller/benchmarking.rb:51:in `render'
/usr/lib/ruby/gems/1.8/gems/activesupport-2.3.11/lib/active_support/core_ext/benchmark.rb:17:in `ms'
/usr/lib/ruby/1.8/benchmark.rb:308:in `realtime'
/usr/lib/ruby/gems/1.8/gems/activesupport-2.3.11/lib/active_support/core_ext/benchmark.rb:17:in `ms'
/usr/lib/ruby/gems/1.8/gems/actionpack-2.3.11/lib/action_controller/benchmarking.rb:51:in `render'
/usr/lib/ruby/gems/1.8/gems/actionpack-2.3.11/lib/action_controller/base.rb:1328:in `default_render'
/usr/lib/ruby/gems/1.8/gems/actionpack-2.3.11/lib/action_controller/base.rb:1334:in `perform_action_without_filters'
/usr/lib/ruby/gems/1.8/gems/actionpack-2.3.11/lib/action_controller/filters.rb:617:in `call_filters'
/usr/lib/ruby/gems/1.8/gems/actionpack-2.3.11/lib/action_controller/filters.rb:610:in `perform_action_without_benchmark'
/usr/lib/ruby/gems/1.8/gems/actionpack-2.3.11/lib/action_controller/benchmarking.rb:68:in `perform_action_without_rescue'
/usr/lib/ruby/gems/1.8/gems/activesupport-2.3.11/lib/active_support/core_ext/benchmark.rb:17:in `ms'
/usr/lib/ruby/1.8/benchmark.rb:308:in `realtime'
/usr/lib/ruby/gems/1.8/gems/activesupport-2.3.11/lib/active_support/core_ext/benchmark.rb:17:in `ms'
/usr/lib/ruby/gems/1.8/gems/actionpack-2.3.11/lib/action_controller/benchmarking.rb:68:in `perform_action_without_rescue'
/usr/lib/ruby/gems/1.8/gems/actionpack-2.3.11/lib/action_controller/rescue.rb:160:in `perform_action_without_flash'
/usr/lib/ruby/gems/1.8/gems/actionpack-2.3.11/lib/action_controller/flash.rb:151:in `perform_action'
/usr/lib/ruby/gems/1.8/gems/actionpack-2.3.11/lib/action_controller/base.rb:532:in `send'
/usr/lib/ruby/gems/1.8/gems/actionpack-2.3.11/lib/action_controller/base.rb:532:in `process_without_filters'
/usr/lib/ruby/gems/1.8/gems/actionpack-2.3.11/lib/action_controller/filters.rb:606:in `process'
/usr/lib/ruby/gems/1.8/gems/actionpack-2.3.11/lib/action_controller/base.rb:391:in `process'
/usr/lib/ruby/gems/1.8/gems/actionpack-2.3.11/lib/action_controller/base.rb:386:in `call'
/usr/lib/ruby/gems/1.8/gems/actionpack-2.3.11/lib/action_controller/routing/route_set.rb:438:in `call'
/usr/lib/ruby/gems/1.8/gems/actionpack-2.3.11/lib/action_controller/dispatcher.rb:87:in `dispatch'
/usr/lib/ruby/gems/1.8/gems/actionpack-2.3.11/lib/action_controller/dispatcher.rb:121:in `_call'
/usr/lib/ruby/gems/1.8/gems/actionpack-2.3.11/lib/action_controller/dispatcher.rb:130:in `build_middleware_stack'
/usr/lib/ruby/gems/1.8/gems/activerecord-2.3.11/lib/active_record/query_cache.rb:29:in `call'
/usr/lib/ruby/gems/1.8/gems/activerecord-2.3.11/lib/active_record/query_cache.rb:29:in `call'
/usr/lib/ruby/gems/1.8/gems/activerecord-2.3.11/lib/active_record/connection_adapters/abstract/query_cache.rb:34:in `cache'
/usr/lib/ruby/gems/1.8/gems/activerecord-2.3.11/lib/active_record/query_cache.rb:9:in `cache'
/usr/lib/ruby/gems/1.8/gems/activerecord-2.3.11/lib/active_record/query_cache.rb:28:in `call'
/usr/lib/ruby/gems/1.8/gems/activerecord-2.3.11/lib/active_record/connection_adapters/abstract/connection_pool.rb:361:in `call'
/usr/lib/ruby/gems/1.8/gems/actionpack-2.3.11/lib/action_controller/string_coercion.rb:25:in `call'
/usr/lib/ruby/gems/1.8/gems/rack-1.1.2/lib/rack/head.rb:9:in `call'
/usr/lib/ruby/gems/1.8/gems/rack-1.1.2/lib/rack/methodoverride.rb:24:in `call'
/usr/lib/ruby/gems/1.8/gems/actionpack-2.3.11/lib/action_controller/params_parser.rb:15:in `call'
/usr/lib/ruby/gems/1.8/gems/actionpack-2.3.11/lib/action_controller/session/cookie_store.rb:99:in `call'
/usr/lib/ruby/gems/1.8/gems/actionpack-2.3.11/lib/action_controller/failsafe.rb:26:in `call'
/usr/lib/ruby/gems/1.8/gems/rack-1.1.2/lib/rack/lock.rb:11:in `call'
/usr/lib/ruby/gems/1.8/gems/rack-1.1.2/lib/rack/lock.rb:11:in `synchronize'
/usr/lib/ruby/gems/1.8/gems/rack-1.1.2/lib/rack/lock.rb:11:in `call'
/usr/lib/ruby/gems/1.8/gems/actionpack-2.3.11/lib/action_controller/dispatcher.rb:114:in `call'
/usr/lib/ruby/gems/1.8/gems/actionpack-2.3.11/lib/action_controller/reloader.rb:34:in `run'
/usr/lib/ruby/gems/1.8/gems/actionpack-2.3.11/lib/action_controller/dispatcher.rb:108:in `call'
/usr/lib/ruby/gems/1.8/gems/rails-2.3.11/lib/rails/rack/static.rb:31:in `call'
/usr/lib/ruby/gems/1.8/gems/rack-1.1.2/lib/rack/urlmap.rb:47:in `call'
/usr/lib/ruby/gems/1.8/gems/rack-1.1.2/lib/rack/urlmap.rb:41:in `each'
/usr/lib/ruby/gems/1.8/gems/rack-1.1.2/lib/rack/urlmap.rb:41:in `call'
/usr/lib/ruby/gems/1.8/gems/rails-2.3.11/lib/rails/rack/log_tailer.rb:17:in `call'
/usr/lib/ruby/gems/1.8/gems/rack-1.1.2/lib/rack/content_length.rb:13:in `call'
/usr/lib/ruby/gems/1.8/gems/rack-1.1.2/lib/rack/handler/webrick.rb:48:in `service'
/usr/lib/ruby/1.8/webrick/httpserver.rb:104:in `service'
/usr/lib/ruby/1.8/webrick/httpserver.rb:65:in `run'
/usr/lib/ruby/1.8/webrick/server.rb:173:in `start_thread'
/usr/lib/ruby/1.8/webrick/server.rb:162:in `start'
/usr/lib/ruby/1.8/webrick/server.rb:162:in `start_thread'
/usr/lib/ruby/1.8/webrick/server.rb:95:in `start'
/usr/lib/ruby/1.8/webrick/server.rb:92:in `each'
/usr/lib/ruby/1.8/webrick/server.rb:92:in `start'
/usr/lib/ruby/1.8/webrick/server.rb:23:in `start'
/usr/lib/ruby/1.8/webrick/server.rb:82:in `start'
/usr/lib/ruby/gems/1.8/gems/rack-1.1.2/lib/rack/handler/webrick.rb:14:in `run'
/usr/lib/ruby/gems/1.8/gems/rails-2.3.11/lib/commands/server.rb:111
/usr/local/lib/site_ruby/1.8/rubygems/custom_require.rb:36:in `gem_original_require'
/usr/local/lib/site_ruby/1.8/rubygems/custom_require.rb:36:in `require'
script/server:3

ActionView::TemplateError (compile error
/home/antonys/Code/railschef/app/views/recipes/new.html.erb:3: syntax error, unexpected tAMPER
;  form_for @recipe do |f| &>
                            ^
/home/antonys/Code/railschef/app/views/recipes/new.html.erb:17: syntax error, unexpected tIDENTIFIER, expecting kEND
/home/antonys/Code/railschef/app/views/recipes/new.html.erb:18: syntax error, unexpected $end, expecting kEND) on line #3 of app/views/recipes/new.html.erb:
1: <h1>Create New Recipe</h1>
2: 
3: <% form_for @recipe do |f| &>
4: 
5: <p>
6:   <%= f.label :title %><br />

    app/views/recipes/new.html.erb:18:in `compile!'
    /usr/lib/ruby/1.8/webrick/httpserver.rb:104:in `service'
    /usr/lib/ruby/1.8/webrick/httpserver.rb:65:in `run'
    /usr/lib/ruby/1.8/webrick/server.rb:173:in `start_thread'
    /usr/lib/ruby/1.8/webrick/server.rb:162:in `start'
    /usr/lib/ruby/1.8/webrick/server.rb:162:in `start_thread'
    /usr/lib/ruby/1.8/webrick/server.rb:95:in `start'
    /usr/lib/ruby/1.8/webrick/server.rb:92:in `each'
    /usr/lib/ruby/1.8/webrick/server.rb:92:in `start'
    /usr/lib/ruby/1.8/webrick/server.rb:23:in `start'
    /usr/lib/ruby/1.8/webrick/server.rb:82:in `start'

Rendered rescues/_trace (83.9ms)
Rendered rescues/_request_and_response (0.3ms)
Rendering rescues/layout (internal_server_error)


Processing RecipesController#new (for 127.0.0.1 at 2011-12-08 15:42:25) [GET]
Rendering recipes/new
Completed in 18ms (View: 15, DB: 0) | 200 OK [http://localhost/recipes/new]


Processing RecipesController#new (for 127.0.0.1 at 2011-12-08 15:49:25) [GET]
Rendering recipes/new
Completed in 14ms (View: 10, DB: 0) | 200 OK [http://localhost/recipes/new]


Processing RecipesController#create (for 127.0.0.1 at 2011-12-08 15:49:28) [POST]
  Parameters: {"commit"=>"Save changes", "authenticity_token"=>"2hv2mqsWoIx18Qb49/AGsxaiLjSmf7PhE/ww+sNuTy8=", "recipe"=>{"title"=>"", "method"=>""}}
  [4;36;1mRecipe Create (0.3ms)[0m   [0;1mINSERT INTO "recipes" ("created_at", "title", "method", "updated_at") VALUES('2011-12-08 15:49:28', '', '', '2011-12-08 15:49:28')[0m
Redirected to http://localhost:3000/
Completed in 131ms (DB: 0) | 302 Found [http://localhost/recipes]


Processing RecipesController#index (for 127.0.0.1 at 2011-12-08 15:49:28) [GET]
  [4;35;1mRecipe Load (0.4ms)[0m   [0mSELECT * FROM "recipes" [0m
Rendering recipes/index
Completed in 9ms (View: 6, DB: 0) | 200 OK [http://localhost/]


Processing RecipesController#create (for 127.0.0.1 at 2011-12-08 15:49:50) [POST]
  Parameters: {"commit"=>"Save changes", "authenticity_token"=>"2hv2mqsWoIx18Qb49/AGsxaiLjSmf7PhE/ww+sNuTy8=", "recipe"=>{"title"=>"Spag Bol", "method"=>"Pasta, Meat and Tomato lad"}}
  [4;36;1mRecipe Create (0.2ms)[0m   [0;1mINSERT INTO "recipes" ("created_at", "title", "method", "updated_at") VALUES('2011-12-08 15:49:50', 'Spag Bol', 'Pasta, Meat and Tomato lad', '2011-12-08 15:49:50')[0m
Redirected to http://localhost:3000/
Completed in 102ms (DB: 0) | 302 Found [http://localhost/recipes]


Processing RecipesController#index (for 127.0.0.1 at 2011-12-08 15:49:50) [GET]
  [4;35;1mRecipe Load (0.3ms)[0m   [0mSELECT * FROM "recipes" [0m
Rendering recipes/index
Completed in 5ms (View: 2, DB: 0) | 200 OK [http://localhost/]


Processing RecipesController#index (for 127.0.0.1 at 2011-12-08 15:55:50) [GET]
  [4;36;1mRecipe Load (0.5ms)[0m   [0;1mSELECT * FROM "recipes" [0m
Rendering recipes/index
ERROR: compiling _run_erb_app47views47recipes47index46html46erb RAISED compile error
/home/antonys/Code/railschef/app/views/recipes/index.html.erb:8: syntax error, unexpected '=', expecting kEND
;  = link_to "Create new recipe", ...
    ^
Function body:           def _run_erb_app47views47recipes47index46html46erb(local_assigns)
            old_output_buffer = output_buffer;;@output_buffer = '';  __in_erb_template=true ; @output_buffer.concat "<h1>All Recipes in RailsChef</h1>\n<ul>\n"

;  @recipes.each do |recipe|; @output_buffer.concat "\n<li>"
; @output_buffer.concat((h recipe.title ).to_s); @output_buffer.concat "</li>\n"
;  end ; @output_buffer.concat "\n<ul>\n<p>\n"


;  = link_to "Create new recipe", new_recipe_path ; @output_buffer.concat "\n"
; @output_buffer
          ensure
            self.output_buffer = old_output_buffer
          end
Backtrace: /home/antonys/Code/railschef/app/views/recipes/index.html.erb:12:in `compile!'
/usr/lib/ruby/gems/1.8/gems/actionpack-2.3.11/lib/action_view/renderable.rb:61:in `compile'
/usr/lib/ruby/gems/1.8/gems/actionpack-2.3.11/lib/action_view/renderable.rb:28:in `render'
/usr/lib/ruby/gems/1.8/gems/actionpack-2.3.11/lib/action_view/template.rb:205:in `render_template'
/usr/lib/ruby/gems/1.8/gems/actionpack-2.3.11/lib/action_view/base.rb:265:in `render'
/usr/lib/ruby/gems/1.8/gems/actionpack-2.3.11/lib/action_controller/base.rb:1252:in `render_for_file'
/usr/lib/ruby/gems/1.8/gems/actionpack-2.3.11/lib/action_controller/base.rb:936:in `render_without_benchmark'
/usr/lib/ruby/gems/1.8/gems/actionpack-2.3.11/lib/action_controller/benchmarking.rb:51:in `render'
/usr/lib/ruby/gems/1.8/gems/activesupport-2.3.11/lib/active_support/core_ext/benchmark.rb:17:in `ms'
/usr/lib/ruby/1.8/benchmark.rb:308:in `realtime'
/usr/lib/ruby/gems/1.8/gems/activesupport-2.3.11/lib/active_support/core_ext/benchmark.rb:17:in `ms'
/usr/lib/ruby/gems/1.8/gems/actionpack-2.3.11/lib/action_controller/benchmarking.rb:51:in `render'
/usr/lib/ruby/gems/1.8/gems/actionpack-2.3.11/lib/action_controller/base.rb:1328:in `default_render'
/usr/lib/ruby/gems/1.8/gems/actionpack-2.3.11/lib/action_controller/base.rb:1334:in `perform_action_without_filters'
/usr/lib/ruby/gems/1.8/gems/actionpack-2.3.11/lib/action_controller/filters.rb:617:in `call_filters'
/usr/lib/ruby/gems/1.8/gems/actionpack-2.3.11/lib/action_controller/filters.rb:610:in `perform_action_without_benchmark'
/usr/lib/ruby/gems/1.8/gems/actionpack-2.3.11/lib/action_controller/benchmarking.rb:68:in `perform_action_without_rescue'
/usr/lib/ruby/gems/1.8/gems/activesupport-2.3.11/lib/active_support/core_ext/benchmark.rb:17:in `ms'
/usr/lib/ruby/1.8/benchmark.rb:308:in `realtime'
/usr/lib/ruby/gems/1.8/gems/activesupport-2.3.11/lib/active_support/core_ext/benchmark.rb:17:in `ms'
/usr/lib/ruby/gems/1.8/gems/actionpack-2.3.11/lib/action_controller/benchmarking.rb:68:in `perform_action_without_rescue'
/usr/lib/ruby/gems/1.8/gems/actionpack-2.3.11/lib/action_controller/rescue.rb:160:in `perform_action_without_flash'
/usr/lib/ruby/gems/1.8/gems/actionpack-2.3.11/lib/action_controller/flash.rb:151:in `perform_action'
/usr/lib/ruby/gems/1.8/gems/actionpack-2.3.11/lib/action_controller/base.rb:532:in `send'
/usr/lib/ruby/gems/1.8/gems/actionpack-2.3.11/lib/action_controller/base.rb:532:in `process_without_filters'
/usr/lib/ruby/gems/1.8/gems/actionpack-2.3.11/lib/action_controller/filters.rb:606:in `process'
/usr/lib/ruby/gems/1.8/gems/actionpack-2.3.11/lib/action_controller/base.rb:391:in `process'
/usr/lib/ruby/gems/1.8/gems/actionpack-2.3.11/lib/action_controller/base.rb:386:in `call'
/usr/lib/ruby/gems/1.8/gems/actionpack-2.3.11/lib/action_controller/routing/route_set.rb:438:in `call'
/usr/lib/ruby/gems/1.8/gems/actionpack-2.3.11/lib/action_controller/dispatcher.rb:87:in `dispatch'
/usr/lib/ruby/gems/1.8/gems/actionpack-2.3.11/lib/action_controller/dispatcher.rb:121:in `_call'
/usr/lib/ruby/gems/1.8/gems/actionpack-2.3.11/lib/action_controller/dispatcher.rb:130:in `build_middleware_stack'
/usr/lib/ruby/gems/1.8/gems/activerecord-2.3.11/lib/active_record/query_cache.rb:29:in `call'
/usr/lib/ruby/gems/1.8/gems/activerecord-2.3.11/lib/active_record/query_cache.rb:29:in `call'
/usr/lib/ruby/gems/1.8/gems/activerecord-2.3.11/lib/active_record/connection_adapters/abstract/query_cache.rb:34:in `cache'
/usr/lib/ruby/gems/1.8/gems/activerecord-2.3.11/lib/active_record/query_cache.rb:9:in `cache'
/usr/lib/ruby/gems/1.8/gems/activerecord-2.3.11/lib/active_record/query_cache.rb:28:in `call'
/usr/lib/ruby/gems/1.8/gems/activerecord-2.3.11/lib/active_record/connection_adapters/abstract/connection_pool.rb:361:in `call'
/usr/lib/ruby/gems/1.8/gems/actionpack-2.3.11/lib/action_controller/string_coercion.rb:25:in `call'
/usr/lib/ruby/gems/1.8/gems/rack-1.1.2/lib/rack/head.rb:9:in `call'
/usr/lib/ruby/gems/1.8/gems/rack-1.1.2/lib/rack/methodoverride.rb:24:in `call'
/usr/lib/ruby/gems/1.8/gems/actionpack-2.3.11/lib/action_controller/params_parser.rb:15:in `call'
/usr/lib/ruby/gems/1.8/gems/actionpack-2.3.11/lib/action_controller/session/cookie_store.rb:99:in `call'
/usr/lib/ruby/gems/1.8/gems/actionpack-2.3.11/lib/action_controller/failsafe.rb:26:in `call'
/usr/lib/ruby/gems/1.8/gems/rack-1.1.2/lib/rack/lock.rb:11:in `call'
/usr/lib/ruby/gems/1.8/gems/rack-1.1.2/lib/rack/lock.rb:11:in `synchronize'
/usr/lib/ruby/gems/1.8/gems/rack-1.1.2/lib/rack/lock.rb:11:in `call'
/usr/lib/ruby/gems/1.8/gems/actionpack-2.3.11/lib/action_controller/dispatcher.rb:114:in `call'
/usr/lib/ruby/gems/1.8/gems/actionpack-2.3.11/lib/action_controller/reloader.rb:34:in `run'
/usr/lib/ruby/gems/1.8/gems/actionpack-2.3.11/lib/action_controller/dispatcher.rb:108:in `call'
/usr/lib/ruby/gems/1.8/gems/rails-2.3.11/lib/rails/rack/static.rb:31:in `call'
/usr/lib/ruby/gems/1.8/gems/rack-1.1.2/lib/rack/urlmap.rb:47:in `call'
/usr/lib/ruby/gems/1.8/gems/rack-1.1.2/lib/rack/urlmap.rb:41:in `each'
/usr/lib/ruby/gems/1.8/gems/rack-1.1.2/lib/rack/urlmap.rb:41:in `call'
/usr/lib/ruby/gems/1.8/gems/rails-2.3.11/lib/rails/rack/log_tailer.rb:17:in `call'
/usr/lib/ruby/gems/1.8/gems/rack-1.1.2/lib/rack/content_length.rb:13:in `call'
/usr/lib/ruby/gems/1.8/gems/rack-1.1.2/lib/rack/handler/webrick.rb:48:in `service'
/usr/lib/ruby/1.8/webrick/httpserver.rb:104:in `service'
/usr/lib/ruby/1.8/webrick/httpserver.rb:65:in `run'
/usr/lib/ruby/1.8/webrick/server.rb:173:in `start_thread'
/usr/lib/ruby/1.8/webrick/server.rb:162:in `start'
/usr/lib/ruby/1.8/webrick/server.rb:162:in `start_thread'
/usr/lib/ruby/1.8/webrick/server.rb:95:in `start'
/usr/lib/ruby/1.8/webrick/server.rb:92:in `each'
/usr/lib/ruby/1.8/webrick/server.rb:92:in `start'
/usr/lib/ruby/1.8/webrick/server.rb:23:in `start'
/usr/lib/ruby/1.8/webrick/server.rb:82:in `start'
/usr/lib/ruby/gems/1.8/gems/rack-1.1.2/lib/rack/handler/webrick.rb:14:in `run'
/usr/lib/ruby/gems/1.8/gems/rails-2.3.11/lib/commands/server.rb:111
/usr/local/lib/site_ruby/1.8/rubygems/custom_require.rb:36:in `gem_original_require'
/usr/local/lib/site_ruby/1.8/rubygems/custom_require.rb:36:in `require'
script/server:3

ActionView::TemplateError (compile error
/home/antonys/Code/railschef/app/views/recipes/index.html.erb:8: syntax error, unexpected '=', expecting kEND
;  = link_to "Create new recipe", ...
    ^) on line #8 of app/views/recipes/index.html.erb:
5: <% end %>
6: <ul>
7: <p>
8: <% = link_to "Create new recipe", new_recipe_path %>

    app/views/recipes/index.html.erb:12:in `compile!'
    /usr/lib/ruby/1.8/webrick/httpserver.rb:104:in `service'
    /usr/lib/ruby/1.8/webrick/httpserver.rb:65:in `run'
    /usr/lib/ruby/1.8/webrick/server.rb:173:in `start_thread'
    /usr/lib/ruby/1.8/webrick/server.rb:162:in `start'
    /usr/lib/ruby/1.8/webrick/server.rb:162:in `start_thread'
    /usr/lib/ruby/1.8/webrick/server.rb:95:in `start'
    /usr/lib/ruby/1.8/webrick/server.rb:92:in `each'
    /usr/lib/ruby/1.8/webrick/server.rb:92:in `start'
    /usr/lib/ruby/1.8/webrick/server.rb:23:in `start'
    /usr/lib/ruby/1.8/webrick/server.rb:82:in `start'

Rendered rescues/_trace (85.8ms)
Rendered rescues/_request_and_response (0.3ms)
Rendering rescues/layout (internal_server_error)


Processing RecipesController#index (for 127.0.0.1 at 2011-12-08 15:56:07) [GET]
  [4;35;1mRecipe Load (0.5ms)[0m   [0mSELECT * FROM "recipes" [0m
Rendering recipes/index
Completed in 9ms (View: 6, DB: 1) | 200 OK [http://localhost/]


Processing RecipesController#new (for 127.0.0.1 at 2011-12-08 15:56:09) [GET]
Rendering recipes/new
Completed in 9ms (View: 5, DB: 0) | 200 OK [http://localhost/recipes/new]


Processing RecipesController#new (for 127.0.0.1 at 2011-12-08 15:59:09) [GET]
Rendering recipes/new
Completed in 14ms (View: 10, DB: 0) | 200 OK [http://localhost/recipes/new]


Processing RecipesController#index (for 127.0.0.1 at 2011-12-08 15:59:10) [GET]
  [4;36;1mRecipe Load (0.3ms)[0m   [0;1mSELECT * FROM "recipes" [0m
Rendering recipes/index
Completed in 5ms (View: 1, DB: 0) | 200 OK [http://localhost/recipes]
